<?xml version="1.0" encoding="UTF-8"?>
<!-- Generated by org.testng.reporters.JUnitReportReporter -->
<testsuite hostname="DesktopSM" failures="0" tests="1" name="com.guru.qa.testcases.HomePageTest" time="3.466" errors="0" timestamp="2023-05-06T22:57:22 PDT" skipped="0">
  <testcase classname="com.guru.qa.testcases.HomePageTest" name="validateListOfTutorialsTest" time="3.466"/>
  <system-out/>
</testsuite> <!-- com.guru.qa.testcases.HomePageTest -->
