<?xml version="1.0" encoding="UTF-8"?>
<!-- Generated by org.testng.reporters.JUnitReportReporter -->
<testsuite hostname="DesktopSM" failures="0" tests="1" name="com.guru.qa.testcases.SearchPageTest" time="2.803" errors="0" timestamp="2023-05-06T20:28:56 PDT" skipped="0">
  <testcase classname="com.guru.qa.testcases.SearchPageTest" name="searchButton" time="2.803"/>
  <system-out/>
</testsuite> <!-- com.guru.qa.testcases.SearchPageTest -->
